<?xml version="1.0" encoding="UTF-8"?>
<!-- Generated by org.testng.reporters.JUnitReportReporter -->
<testsuite skipped="0" hostname="Mritunjays-MacBook-Pro.local" name="com.mystore.testcases.LumaLoginPageTest" tests="1" failures="0" timestamp="2023-01-14T21:32:57 IST" time="12.934" errors="0">
  <testcase name="loginTest" time="12.934" classname="com.mystore.testcases.LumaLoginPageTest"/>
  <system-out/>
</testsuite> <!-- com.mystore.testcases.LumaLoginPageTest -->
