<?xml version="1.0" encoding="UTF-8"?>
<!-- Generated by org.testng.reporters.JUnitReportReporter -->
<testsuite skipped="0" hostname="Mritunjays-MacBook-Pro.local" name="com.mystore.testcases.LoginPageTest" tests="1" failures="0" timestamp="2023-01-15T20:38:52 IST" time="10.144" errors="1">
  <testcase name="loginTest" time="10.144" classname="com.mystore.testcases.LoginPageTest">
    <error type="java.lang.StackOverflowError">
      <![CDATA[java.lang.StackOverflowError
at com.mystore.pageobjects.LoginPage.<init>(LoginPage.java:45)
at com.mystore.pageobjects.LoginPage.<init>(LoginPage.java:45)
at com.mystore.pageobjects.LoginPage.<init>(LoginPage.java:45)
at com.mystore.pageobjects.LoginPage.<init>(LoginPage.java:45)
at com.mystore.pageobjects.LoginPage.<init>(LoginPage.java:45)
at com.mystore.pageobjects.LoginPage.<init>(LoginPage.java:45)
at com.mystore.pageobjects.LoginPage.<init>(LoginPage.java:45)
at com.mystore.pageobjects.LoginPage.<init>(LoginPage.java:45)
at com.mystore.pageobjects.LoginPage.<init>(LoginPage.java:45)
at com.mystore.pageobjects.LoginPage.<init>(LoginPage.java:45)
at com.mystore.pageobjects.LoginPage.<init>(LoginPage.java:45)
at com.mystore.pageobjects.LoginPage.<init>(LoginPage.java:45)
at com.mystore.pageobjects.LoginPage.<init>(LoginPage.java:45)
at com.mystore.pageobjects.LoginPage.<init>(LoginPage.java:45)
at com.mystore.pageobjects.LoginPage.<init>(LoginPage.java:45)
at com.mystore.pageobjects.LoginPage.<init>(LoginPage.java:45)
at com.mystore.pageobjects.LoginPage.<init>(LoginPage.java:45)
at com.mystore.pageobjects.LoginPage.<init>(LoginPage.java:45)
at com.mystore.pageobjects.LoginPage.<init>(LoginPage.java:45)
at com.mystore.pageobjects.LoginPage.<init>(LoginPage.java:45)
at com.mystore.pageobjects.LoginPage.<init>(LoginPage.java:45)
at com.mystore.pageobjects.LoginPage.<init>(LoginPage.java:45)
at com.mystore.pageobjects.LoginPage.<init>(LoginPage.java:45)
at com.mystore.pageobjects.LoginPage.<init>(LoginPage.java:45)
at com.mystore.pageobjects.LoginPage.<init>(LoginPage.java:45)
at com.mystore.pageobjects.LoginPage.<init>(LoginPage.java:45)
at com.mystore.pageobjects.LoginPage.<init>(LoginPage.java:45)
at com.mystore.pageobjects.LoginPage.<init>(LoginPage.java:45)
at com.mystore.pageobjects.LoginPage.<init>(LoginPage.java:45)
at com.mystore.pageobjects.LoginPage.<init>(LoginPage.java:45)
at com.mystore.pageobjects.LoginPage.<init>(LoginPage.java:45)
at com.mystore.pageobjects.LoginPage.<init>(LoginPage.java:45)
at com.mystore.pageobjects.LoginPage.<init>(LoginPage.java:45)
at com.mystore.pageobjects.LoginPage.<init>(LoginPage.java:45)
at com.mystore.pageobjects.LoginPage.<init>(LoginPage.java:45)
at com.mystore.pageobjects.LoginPage.<init>(LoginPage.java:45)
at com.mystore.pageobjects.LoginPage.<init>(LoginPage.java:45)
at com.mystore.pageobjects.LoginPage.<init>(LoginPage.java:45)
at com.mystore.pageobjects.LoginPage.<init>(LoginPage.java:45)
at com.mystore.pageobjects.LoginPage.<init>(LoginPage.java:45)
at com.mystore.pageobjects.LoginPage.<init>(LoginPage.java:45)
at com.mystore.pageobjects.LoginPage.<init>(LoginPage.java:45)
at com.mystore.pageobjects.LoginPage.<init>(LoginPage.java:45)
at com.mystore.pageobjects.LoginPage.<init>(LoginPage.java:45)
at com.mystore.pageobjects.LoginPage.<init>(LoginPage.java:45)
at com.mystore.pageobjects.LoginPage.<init>(LoginPage.java:45)
at com.mystore.pageobjects.LoginPage.<init>(LoginPage.java:45)
at com.mystore.pageobjects.LoginPage.<init>(LoginPage.java:45)
at com.mystore.pageobjects.LoginPage.<init>(LoginPage.java:45)
at com.mystore.pageobjects.LoginPage.<init>(LoginPage.java:45)
at com.mystore.pageobjects.LoginPage.<init>(LoginPage.java:45)
at com.mystore.pageobjects.LoginPage.<init>(LoginPage.java:45)
at com.mystore.pageobjects.LoginPage.<init>(LoginPage.java:45)
at com.mystore.pageobjects.LoginPage.<init>(LoginPage.java:45)
at com.mystore.pageobjects.LoginPage.<init>(LoginPage.java:45)
at com.mystore.pageobjects.LoginPage.<init>(LoginPage.java:45)
at com.mystore.pageobjects.LoginPage.<init>(LoginPage.java:45)
at com.mystore.pageobjects.LoginPage.<init>(LoginPage.java:45)
at com.mystore.pageobjects.LoginPage.<init>(LoginPage.java:45)
at com.mystore.pageobjects.LoginPage.<init>(LoginPage.java:45)
at com.mystore.pageobjects.LoginPage.<init>(LoginPage.java:45)
at com.mystore.pageobjects.LoginPage.<init>(LoginPage.java:45)
at com.mystore.pageobjects.LoginPage.<init>(LoginPage.java:45)
at com.mystore.pageobjects.LoginPage.<init>(LoginPage.java:45)
at com.mystore.pageobjects.LoginPage.<init>(LoginPage.java:45)
at com.mystore.pageobjects.LoginPage.<init>(LoginPage.java:45)
at com.mystore.pageobjects.LoginPage.<init>(LoginPage.java:45)
at com.mystore.pageobjects.LoginPage.<init>(LoginPage.java:45)
at com.mystore.pageobjects.LoginPage.<init>(LoginPage.java:45)
at com.mystore.pageobjects.LoginPage.<init>(LoginPage.java:45)
at com.mystore.pageobjects.LoginPage.<init>(LoginPage.java:45)
at com.mystore.pageobjects.LoginPage.<init>(LoginPage.java:45)
at com.mystore.pageobjects.LoginPage.<init>(LoginPage.java:45)
at com.mystore.pageobjects.LoginPage.<init>(LoginPage.java:45)
at com.mystore.pageobjects.LoginPage.<init>(LoginPage.java:45)
at com.mystore.pageobjects.LoginPage.<init>(LoginPage.java:45)
at com.mystore.pageobjects.LoginPage.<init>(LoginPage.java:45)
at com.mystore.pageobjects.LoginPage.<init>(LoginPage.java:45)
at com.mystore.pageobjects.LoginPage.<init>(LoginPage.java:45)
at com.mystore.pageobjects.LoginPage.<init>(LoginPage.java:45)
at com.mystore.pageobjects.LoginPage.<init>(LoginPage.java:45)
at com.mystore.pageobjects.LoginPage.<init>(LoginPage.java:45)
at com.mystore.pageobjects.LoginPage.<init>(LoginPage.java:45)
at com.mystore.pageobjects.LoginPage.<init>(LoginPage.java:45)
at com.mystore.pageobjects.LoginPage.<init>(LoginPage.java:45)
at com.mystore.pageobjects.LoginPage.<init>(LoginPage.java:45)
at com.mystore.pageobjects.LoginPage.<init>(LoginPage.java:45)
at com.mystore.pageobjects.LoginPage.<init>(LoginPage.java:45)
at com.mystore.pageobjects.LoginPage.<init>(LoginPage.java:45)
at com.mystore.pageobjects.LoginPage.<init>(LoginPage.java:45)
at com.mystore.pageobjects.LoginPage.<init>(LoginPage.java:45)
at com.mystore.pageobjects.LoginPage.<init>(LoginPage.java:45)
at com.mystore.pageobjects.LoginPage.<init>(LoginPage.java:45)
at com.mystore.pageobjects.LoginPage.<init>(LoginPage.java:45)
at com.mystore.pageobjects.LoginPage.<init>(LoginPage.java:45)
at com.mystore.pageobjects.LoginPage.<init>(LoginPage.java:45)
at com.mystore.pageobjects.LoginPage.<init>(LoginPage.java:45)
at com.mystore.pageobjects.LoginPage.<init>(LoginPage.java:45)
at com.mystore.pageobjects.LoginPage.<init>(LoginPage.java:45)
at com.mystore.pageobjects.LoginPage.<init>(LoginPage.java:45)
at com.mystore.pageobjects.LoginPage.<init>(LoginPage.java:45)
at com.mystore.pageobjects.LoginPage.<init>(LoginPage.java:45)
at com.mystore.pageobjects.LoginPage.<init>(LoginPage.java:45)
at com.mystore.pageobjects.LoginPage.<init>(LoginPage.java:45)
at com.mystore.pageobjects.LoginPage.<init>(LoginPage.java:45)
at com.mystore.pageobjects.LoginPage.<init>(LoginPage.java:45)
at com.mystore.pageobjects.LoginPage.<init>(LoginPage.java:45)
at com.mystore.pageobjects.LoginPage.<init>(LoginPage.java:45)
at com.mystore.pageobjects.LoginPage.<init>(LoginPage.java:45)
at com.mystore.pageobjects.LoginPage.<init>(LoginPage.java:45)
at com.mystore.pageobjects.LoginPage.<init>(LoginPage.java:45)
at com.mystore.pageobjects.LoginPage.<init>(LoginPage.java:45)
at com.mystore.pageobjects.LoginPage.<init>(LoginPage.java:45)
at com.mystore.pageobjects.LoginPage.<init>(LoginPage.java:45)
at com.mystore.pageobjects.LoginPage.<init>(LoginPage.java:45)
at com.mystore.pageobjects.LoginPage.<init>(LoginPage.java:45)
at com.mystore.pageobjects.LoginPage.<init>(LoginPage.java:45)
at com.mystore.pageobjects.LoginPage.<init>(LoginPage.java:45)
at com.mystore.pageobjects.LoginPage.<init>(LoginPage.java:45)
at com.mystore.pageobjects.LoginPage.<init>(LoginPage.java:45)
at com.mystore.pageobjects.LoginPage.<init>(LoginPage.java:45)
at com.mystore.pageobjects.LoginPage.<init>(LoginPage.java:45)
at com.mystore.pageobjects.LoginPage.<init>(LoginPage.java:45)
at com.mystore.pageobjects.LoginPage.<init>(LoginPage.java:45)
at com.mystore.pageobjects.LoginPage.<init>(LoginPage.java:45)
at com.mystore.pageobjects.LoginPage.<init>(LoginPage.java:45)
at com.mystore.pageobjects.LoginPage.<init>(LoginPage.java:45)
at com.mystore.pageobjects.LoginPage.<init>(LoginPage.java:45)
at com.mystore.pageobjects.LoginPage.<init>(LoginPage.java:45)
at com.mystore.pageobjects.LoginPage.<init>(LoginPage.java:45)
at com.mystore.pageobjects.LoginPage.<init>(LoginPage.java:45)
at com.mystore.pageobjects.LoginPage.<init>(LoginPage.java:45)
at com.mystore.pageobjects.LoginPage.<init>(LoginPage.java:45)
at com.mystore.pageobjects.LoginPage.<init>(LoginPage.java:45)
at com.mystore.pageobjects.LoginPage.<init>(LoginPage.java:45)
at com.mystore.pageobjects.LoginPage.<init>(LoginPage.java:45)
at com.mystore.pageobjects.LoginPage.<init>(LoginPage.java:45)
at com.mystore.pageobjects.LoginPage.<init>(LoginPage.java:45)
at com.mystore.pageobjects.LoginPage.<init>(LoginPage.java:45)
at com.mystore.pageobjects.LoginPage.<init>(LoginPage.java:45)
at com.mystore.pageobjects.LoginPage.<init>(LoginPage.java:45)
at com.mystore.pageobjects.LoginPage.<init>(LoginPage.java:45)
at com.mystore.pageobjects.LoginPage.<init>(LoginPage.java:45)
at com.mystore.pageobjects.LoginPage.<init>(LoginPage.java:45)
at com.mystore.pageobjects.LoginPage.<init>(LoginPage.java:45)
at com.mystore.pageobjects.LoginPage.<init>(LoginPage.java:45)
at com.mystore.pageobjects.LoginPage.<init>(LoginPage.java:45)
at com.mystore.pageobjects.LoginPage.<init>(LoginPage.java:45)
at com.mystore.pageobjects.LoginPage.<init>(LoginPage.java:45)
at com.mystore.pageobjects.LoginPage.<init>(LoginPage.java:45)
at com.mystore.pageobjects.LoginPage.<init>(LoginPage.java:45)
at com.mystore.pageobjects.LoginPage.<init>(LoginPage.java:45)
at com.mystore.pageobjects.LoginPage.<init>(LoginPage.java:45)
at com.mystore.pageobjects.LoginPage.<init>(LoginPage.java:45)
at com.mystore.pageobjects.LoginPage.<init>(LoginPage.java:45)
at com.mystore.pageobjects.LoginPage.<init>(LoginPage.java:45)
at com.mystore.pageobjects.LoginPage.<init>(LoginPage.java:45)
at com.mystore.pageobjects.LoginPage.<init>(LoginPage.java:45)
at com.mystore.pageobjects.LoginPage.<init>(LoginPage.java:45)
at com.mystore.pageobjects.LoginPage.<init>(LoginPage.java:45)
at com.mystore.pageobjects.LoginPage.<init>(LoginPage.java:45)
at com.mystore.pageobjects.LoginPage.<init>(LoginPage.java:45)
at com.mystore.pageobjects.LoginPage.<init>(LoginPage.java:45)
at com.mystore.pageobjects.LoginPage.<init>(LoginPage.java:45)
at com.mystore.pageobjects.LoginPage.<init>(LoginPage.java:45)
at com.mystore.pageobjects.LoginPage.<init>(LoginPage.java:45)
at com.mystore.pageobjects.LoginPage.<init>(LoginPage.java:45)
at com.mystore.pageobjects.LoginPage.<init>(LoginPage.java:45)
at com.mystore.pageobjects.LoginPage.<init>(LoginPage.java:45)
at com.mystore.pageobjects.LoginPage.<init>(LoginPage.java:45)
at com.mystore.pageobjects.LoginPage.<init>(LoginPage.java:45)
at com.mystore.pageobjects.LoginPage.<init>(LoginPage.java:45)
at com.mystore.pageobjects.LoginPage.<init>(LoginPage.java:45)
at com.mystore.pageobjects.LoginPage.<init>(LoginPage.java:45)
at com.mystore.pageobjects.LoginPage.<init>(LoginPage.java:45)
at com.mystore.pageobjects.LoginPage.<init>(LoginPage.java:45)
at com.mystore.pageobjects.LoginPage.<init>(LoginPage.java:45)
at com.mystore.pageobjects.LoginPage.<init>(LoginPage.java:45)
at com.mystore.pageobjects.LoginPage.<init>(LoginPage.java:45)
at com.mystore.pageobjects.LoginPage.<init>(LoginPage.java:45)
at com.mystore.pageobjects.LoginPage.<init>(LoginPage.java:45)
at com.mystore.pageobjects.LoginPage.<init>(LoginPage.java:45)
at com.mystore.pageobjects.LoginPage.<init>(LoginPage.java:45)
at com.mystore.pageobjects.LoginPage.<init>(LoginPage.java:45)
at com.mystore.pageobjects.LoginPage.<init>(LoginPage.java:45)
at com.mystore.pageobjects.LoginPage.<init>(LoginPage.java:45)
at com.mystore.pageobjects.LoginPage.<init>(LoginPage.java:45)
at com.mystore.pageobjects.LoginPage.<init>(LoginPage.java:45)
at com.mystore.pageobjects.LoginPage.<init>(LoginPage.java:45)
at com.mystore.pageobjects.LoginPage.<init>(LoginPage.java:45)
at com.mystore.pageobjects.LoginPage.<init>(LoginPage.java:45)
at com.mystore.pageobjects.LoginPage.<init>(LoginPage.java:45)
at com.mystore.pageobjects.LoginPage.<init>(LoginPage.java:45)
at com.mystore.pageobjects.LoginPage.<init>(LoginPage.java:45)
at com.mystore.pageobjects.LoginPage.<init>(LoginPage.java:45)
at com.mystore.pageobjects.LoginPage.<init>(LoginPage.java:45)
at com.mystore.pageobjects.LoginPage.<init>(LoginPage.java:45)
at com.mystore.pageobjects.LoginPage.<init>(LoginPage.java:45)
at com.mystore.pageobjects.LoginPage.<init>(LoginPage.java:45)
at com.mystore.pageobjects.LoginPage.<init>(LoginPage.java:45)
at com.mystore.pageobjects.LoginPage.<init>(LoginPage.java:45)
at com.mystore.pageobjects.LoginPage.<init>(LoginPage.java:45)
at com.mystore.pageobjects.LoginPage.<init>(LoginPage.java:45)
at com.mystore.pageobjects.LoginPage.<init>(LoginPage.java:45)
at com.mystore.pageobjects.LoginPage.<init>(LoginPage.java:45)
at com.mystore.pageobjects.LoginPage.<init>(LoginPage.java:45)
at com.mystore.pageobjects.LoginPage.<init>(LoginPage.java:45)
at com.mystore.pageobjects.LoginPage.<init>(LoginPage.java:45)
at com.mystore.pageobjects.LoginPage.<init>(LoginPage.java:45)
at com.mystore.pageobjects.LoginPage.<init>(LoginPage.java:45)
at com.mystore.pageobjects.LoginPage.<init>(LoginPage.java:45)
at com.mystore.pageobjects.LoginPage.<init>(LoginPage.java:45)
at com.mystore.pageobjects.LoginPage.<init>(LoginPage.java:45)
at com.mystore.pageobjects.LoginPage.<init>(LoginPage.java:45)
at com.mystore.pageobjects.LoginPage.<init>(LoginPage.java:45)
at com.mystore.pageobjects.LoginPage.<init>(LoginPage.java:45)
at com.mystore.pageobjects.LoginPage.<init>(LoginPage.java:45)
at com.mystore.pageobjects.LoginPage.<init>(LoginPage.java:45)
at com.mystore.pageobjects.LoginPage.<init>(LoginPage.java:45)
at com.mystore.pageobjects.LoginPage.<init>(LoginPage.java:45)
at com.mystore.pageobjects.LoginPage.<init>(LoginPage.java:45)
at com.mystore.pageobjects.LoginPage.<init>(LoginPage.java:45)
at com.mystore.pageobjects.LoginPage.<init>(LoginPage.java:45)
at com.mystore.pageobjects.LoginPage.<init>(LoginPage.java:45)
at com.mystore.pageobjects.LoginPage.<init>(LoginPage.java:45)
at com.mystore.pageobjects.LoginPage.<init>(LoginPage.java:45)
at com.mystore.pageobjects.LoginPage.<init>(LoginPage.java:45)
at com.mystore.pageobjects.LoginPage.<init>(LoginPage.java:45)
at com.mystore.pageobjects.LoginPage.<init>(LoginPage.java:45)
at com.mystore.pageobjects.LoginPage.<init>(LoginPage.java:45)
at com.mystore.pageobjects.LoginPage.<init>(LoginPage.java:45)
at com.mystore.pageobjects.LoginPage.<init>(LoginPage.java:45)
at com.mystore.pageobjects.LoginPage.<init>(LoginPage.java:45)
at com.mystore.pageobjects.LoginPage.<init>(LoginPage.java:45)
at com.mystore.pageobjects.LoginPage.<init>(LoginPage.java:45)
at com.mystore.pageobjects.LoginPage.<init>(LoginPage.java:45)
at com.mystore.pageobjects.LoginPage.<init>(LoginPage.java:45)
at com.mystore.pageobjects.LoginPage.<init>(LoginPage.java:45)
at com.mystore.pageobjects.LoginPage.<init>(LoginPage.java:45)
at com.mystore.pageobjects.LoginPage.<init>(LoginPage.java:45)
at com.mystore.pageobjects.LoginPage.<init>(LoginPage.java:45)
at com.mystore.pageobjects.LoginPage.<init>(LoginPage.java:45)
at com.mystore.pageobjects.LoginPage.<init>(LoginPage.java:45)
at com.mystore.pageobjects.LoginPage.<init>(LoginPage.java:45)
at com.mystore.pageobjects.LoginPage.<init>(LoginPage.java:45)
at com.mystore.pageobjects.LoginPage.<init>(LoginPage.java:45)
at com.mystore.pageobjects.LoginPage.<init>(LoginPage.java:45)
at com.mystore.pageobjects.LoginPage.<init>(LoginPage.java:45)
at com.mystore.pageobjects.LoginPage.<init>(LoginPage.java:45)
at com.mystore.pageobjects.LoginPage.<init>(LoginPage.java:45)
at com.mystore.pageobjects.LoginPage.<init>(LoginPage.java:45)
at com.mystore.pageobjects.LoginPage.<init>(LoginPage.java:45)
at com.mystore.pageobjects.LoginPage.<init>(LoginPage.java:45)
at com.mystore.pageobjects.LoginPage.<init>(LoginPage.java:45)
at com.mystore.pageobjects.LoginPage.<init>(LoginPage.java:45)
at com.mystore.pageobjects.LoginPage.<init>(LoginPage.java:45)
at com.mystore.pageobjects.LoginPage.<init>(LoginPage.java:45)
at com.mystore.pageobjects.LoginPage.<init>(LoginPage.java:45)
at com.mystore.pageobjects.LoginPage.<init>(LoginPage.java:45)
at com.mystore.pageobjects.LoginPage.<init>(LoginPage.java:45)
at com.mystore.pageobjects.LoginPage.<init>(LoginPage.java:45)
at com.mystore.pageobjects.LoginPage.<init>(LoginPage.java:45)
at com.mystore.pageobjects.LoginPage.<init>(LoginPage.java:45)
at com.mystore.pageobjects.LoginPage.<init>(LoginPage.java:45)
at com.mystore.pageobjects.LoginPage.<init>(LoginPage.java:45)
at com.mystore.pageobjects.LoginPage.<init>(LoginPage.java:45)
at com.mystore.pageobjects.LoginPage.<init>(LoginPage.java:45)
at com.mystore.pageobjects.LoginPage.<init>(LoginPage.java:45)
at com.mystore.pageobjects.LoginPage.<init>(LoginPage.java:45)
at com.mystore.pageobjects.LoginPage.<init>(LoginPage.java:45)
at com.mystore.pageobjects.LoginPage.<init>(LoginPage.java:45)
at com.mystore.pageobjects.LoginPage.<init>(LoginPage.java:45)
at com.mystore.pageobjects.LoginPage.<init>(LoginPage.java:45)
at com.mystore.pageobjects.LoginPage.<init>(LoginPage.java:45)
at com.mystore.pageobjects.LoginPage.<init>(LoginPage.java:45)
at com.mystore.pageobjects.LoginPage.<init>(LoginPage.java:45)
at com.mystore.pageobjects.LoginPage.<init>(LoginPage.java:45)
at com.mystore.pageobjects.LoginPage.<init>(LoginPage.java:45)
at com.mystore.pageobjects.LoginPage.<init>(LoginPage.java:45)
at com.mystore.pageobjects.LoginPage.<init>(LoginPage.java:45)
at com.mystore.pageobjects.LoginPage.<init>(LoginPage.java:45)
at com.mystore.pageobjects.LoginPage.<init>(LoginPage.java:45)
at com.mystore.pageobjects.LoginPage.<init>(LoginPage.java:45)
at com.mystore.pageobjects.LoginPage.<init>(LoginPage.java:45)
at com.mystore.pageobjects.LoginPage.<init>(LoginPage.java:45)
at com.mystore.pageobjects.LoginPage.<init>(LoginPage.java:45)
at com.mystore.pageobjects.LoginPage.<init>(LoginPage.java:45)
at com.mystore.pageobjects.LoginPage.<init>(LoginPage.java:45)
at com.mystore.pageobjects.LoginPage.<init>(LoginPage.java:45)
at com.mystore.pageobjects.LoginPage.<init>(LoginPage.java:45)
at com.mystore.pageobjects.LoginPage.<init>(LoginPage.java:45)
at com.mystore.pageobjects.LoginPage.<init>(LoginPage.java:45)
at com.mystore.pageobjects.LoginPage.<init>(LoginPage.java:45)
at com.mystore.pageobjects.LoginPage.<init>(LoginPage.java:45)
at com.mystore.pageobjects.LoginPage.<init>(LoginPage.java:45)
at com.mystore.pageobjects.LoginPage.<init>(LoginPage.java:45)
at com.mystore.pageobjects.LoginPage.<init>(LoginPage.java:45)
at com.mystore.pageobjects.LoginPage.<init>(LoginPage.java:45)
at com.mystore.pageobjects.LoginPage.<init>(LoginPage.java:45)
at com.mystore.pageobjects.LoginPage.<init>(LoginPage.java:45)
at com.mystore.pageobjects.LoginPage.<init>(LoginPage.java:45)
at com.mystore.pageobjects.LoginPage.<init>(LoginPage.java:45)
at com.mystore.pageobjects.LoginPage.<init>(LoginPage.java:45)
at com.mystore.pageobjects.LoginPage.<init>(LoginPage.java:45)
at com.mystore.pageobjects.LoginPage.<init>(LoginPage.java:45)
at com.mystore.pageobjects.LoginPage.<init>(LoginPage.java:45)
at com.mystore.pageobjects.LoginPage.<init>(LoginPage.java:45)
at com.mystore.pageobjects.LoginPage.<init>(LoginPage.java:45)
at com.mystore.pageobjects.LoginPage.<init>(LoginPage.java:45)
at com.mystore.pageobjects.LoginPage.<init>(LoginPage.java:45)
at com.mystore.pageobjects.LoginPage.<init>(LoginPage.java:45)
at com.mystore.pageobjects.LoginPage.<init>(LoginPage.java:45)
at com.mystore.pageobjects.LoginPage.<init>(LoginPage.java:45)
at com.mystore.pageobjects.LoginPage.<init>(LoginPage.java:45)
at com.mystore.pageobjects.LoginPage.<init>(LoginPage.java:45)
at com.mystore.pageobjects.LoginPage.<init>(LoginPage.java:45)
at com.mystore.pageobjects.LoginPage.<init>(LoginPage.java:45)
at com.mystore.pageobjects.LoginPage.<init>(LoginPage.java:45)
at com.mystore.pageobjects.LoginPage.<init>(LoginPage.java:45)
at com.mystore.pageobjects.LoginPage.<init>(LoginPage.java:45)
at com.mystore.pageobjects.LoginPage.<init>(LoginPage.java:45)
at com.mystore.pageobjects.LoginPage.<init>(LoginPage.java:45)
at com.mystore.pageobjects.LoginPage.<init>(LoginPage.java:45)
at com.mystore.pageobjects.LoginPage.<init>(LoginPage.java:45)
at com.mystore.pageobjects.LoginPage.<init>(LoginPage.java:45)
at com.mystore.pageobjects.LoginPage.<init>(LoginPage.java:45)
at com.mystore.pageobjects.LoginPage.<init>(LoginPage.java:45)
at com.mystore.pageobjects.LoginPage.<init>(LoginPage.java:45)
at com.mystore.pageobjects.LoginPage.<init>(LoginPage.java:45)
at com.mystore.pageobjects.LoginPage.<init>(LoginPage.java:45)
at com.mystore.pageobjects.LoginPage.<init>(LoginPage.java:45)
at com.mystore.pageobjects.LoginPage.<init>(LoginPage.java:45)
at com.mystore.pageobjects.LoginPage.<init>(LoginPage.java:45)
at com.mystore.pageobjects.LoginPage.<init>(LoginPage.java:45)
at com.mystore.pageobjects.LoginPage.<init>(LoginPage.java:45)
at com.mystore.pageobjects.LoginPage.<init>(LoginPage.java:45)
at com.mystore.pageobjects.LoginPage.<init>(LoginPage.java:45)
at com.mystore.pageobjects.LoginPage.<init>(LoginPage.java:45)
at com.mystore.pageobjects.LoginPage.<init>(LoginPage.java:45)
at com.mystore.pageobjects.LoginPage.<init>(LoginPage.java:45)
at com.mystore.pageobjects.LoginPage.<init>(LoginPage.java:45)
at com.mystore.pageobjects.LoginPage.<init>(LoginPage.java:45)
at com.mystore.pageobjects.LoginPage.<init>(LoginPage.java:45)
at com.mystore.pageobjects.LoginPage.<init>(LoginPage.java:45)
at com.mystore.pageobjects.LoginPage.<init>(LoginPage.java:45)
at com.mystore.pageobjects.LoginPage.<init>(LoginPage.java:45)
at com.mystore.pageobjects.LoginPage.<init>(LoginPage.java:45)
at com.mystore.pageobjects.LoginPage.<init>(LoginPage.java:45)
at com.mystore.pageobjects.LoginPage.<init>(LoginPage.java:45)
at com.mystore.pageobjects.LoginPage.<init>(LoginPage.java:45)
at com.mystore.pageobjects.LoginPage.<init>(LoginPage.java:45)
at com.mystore.pageobjects.LoginPage.<init>(LoginPage.java:45)
at com.mystore.pageobjects.LoginPage.<init>(LoginPage.java:45)
at com.mystore.pageobjects.LoginPage.<init>(LoginPage.java:45)
at com.mystore.pageobjects.LoginPage.<init>(LoginPage.java:45)
at com.mystore.pageobjects.LoginPage.<init>(LoginPage.java:45)
at com.mystore.pageobjects.LoginPage.<init>(LoginPage.java:45)
at com.mystore.pageobjects.LoginPage.<init>(LoginPage.java:45)
at com.mystore.pageobjects.LoginPage.<init>(LoginPage.java:45)
at com.mystore.pageobjects.LoginPage.<init>(LoginPage.java:45)
at com.mystore.pageobjects.LoginPage.<init>(LoginPage.java:45)
at com.mystore.pageobjects.LoginPage.<init>(LoginPage.java:45)
at com.mystore.pageobjects.LoginPage.<init>(LoginPage.java:45)
at com.mystore.pageobjects.LoginPage.<init>(LoginPage.java:45)
at com.mystore.pageobjects.LoginPage.<init>(LoginPage.java:45)
at com.mystore.pageobjects.LoginPage.<init>(LoginPage.java:45)
at com.mystore.pageobjects.LoginPage.<init>(LoginPage.java:45)
at com.mystore.pageobjects.LoginPage.<init>(LoginPage.java:45)
at com.mystore.pageobjects.LoginPage.<init>(LoginPage.java:45)
at com.mystore.pageobjects.LoginPage.<init>(LoginPage.java:45)
at com.mystore.pageobjects.LoginPage.<init>(LoginPage.java:45)
at com.mystore.pageobjects.LoginPage.<init>(LoginPage.java:45)
at com.mystore.pageobjects.LoginPage.<init>(LoginPage.java:45)
at com.mystore.pageobjects.LoginPage.<init>(LoginPage.java:45)
at com.mystore.pageobjects.LoginPage.<init>(LoginPage.java:45)
at com.mystore.pageobjects.LoginPage.<init>(LoginPage.java:45)
at com.mystore.pageobjects.LoginPage.<init>(LoginPage.java:45)
at com.mystore.pageobjects.LoginPage.<init>(LoginPage.java:45)
at com.mystore.pageobjects.LoginPage.<init>(LoginPage.java:45)
at com.mystore.pageobjects.LoginPage.<init>(LoginPage.java:45)
at com.mystore.pageobjects.LoginPage.<init>(LoginPage.java:45)
at com.mystore.pageobjects.LoginPage.<init>(LoginPage.java:45)
at com.mystore.pageobjects.LoginPage.<init>(LoginPage.java:45)
at com.mystore.pageobjects.LoginPage.<init>(LoginPage.java:45)
at com.mystore.pageobjects.LoginPage.<init>(LoginPage.java:45)
at com.mystore.pageobjects.LoginPage.<init>(LoginPage.java:45)
at com.mystore.pageobjects.LoginPage.<init>(LoginPage.java:45)
at com.mystore.pageobjects.LoginPage.<init>(LoginPage.java:45)
at com.mystore.pageobjects.LoginPage.<init>(LoginPage.java:45)
at com.mystore.pageobjects.LoginPage.<init>(LoginPage.java:45)
at com.mystore.pageobjects.LoginPage.<init>(LoginPage.java:45)
at com.mystore.pageobjects.LoginPage.<init>(LoginPage.java:45)
at com.mystore.pageobjects.LoginPage.<init>(LoginPage.java:45)
at com.mystore.pageobjects.LoginPage.<init>(LoginPage.java:45)
at com.mystore.pageobjects.LoginPage.<init>(LoginPage.java:45)
at com.mystore.pageobjects.LoginPage.<init>(LoginPage.java:45)
at com.mystore.pageobjects.LoginPage.<init>(LoginPage.java:45)
at com.mystore.pageobjects.LoginPage.<init>(LoginPage.java:45)
at com.mystore.pageobjects.LoginPage.<init>(LoginPage.java:45)
at com.mystore.pageobjects.LoginPage.<init>(LoginPage.java:45)
at com.mystore.pageobjects.LoginPage.<init>(LoginPage.java:45)
at com.mystore.pageobjects.LoginPage.<init>(LoginPage.java:45)
at com.mystore.pageobjects.LoginPage.<init>(LoginPage.java:45)
at com.mystore.pageobjects.LoginPage.<init>(LoginPage.java:45)
at com.mystore.pageobjects.LoginPage.<init>(LoginPage.java:45)
at com.mystore.pageobjects.LoginPage.<init>(LoginPage.java:45)
at com.mystore.pageobjects.LoginPage.<init>(LoginPage.java:45)
at com.mystore.pageobjects.LoginPage.<init>(LoginPage.java:45)
at com.mystore.pageobjects.LoginPage.<init>(LoginPage.java:45)
at com.mystore.pageobjects.LoginPage.<init>(LoginPage.java:45)
at com.mystore.pageobjects.LoginPage.<init>(LoginPage.java:45)
at com.mystore.pageobjects.LoginPage.<init>(LoginPage.java:45)
at com.mystore.pageobjects.LoginPage.<init>(LoginPage.java:45)
at com.mystore.pageobjects.LoginPage.<init>(LoginPage.java:45)
at com.mystore.pageobjects.LoginPage.<init>(LoginPage.java:45)
at com.mystore.pageobjects.LoginPage.<init>(LoginPage.java:45)
at com.mystore.pageobjects.LoginPage.<init>(LoginPage.java:45)
at com.mystore.pageobjects.LoginPage.<init>(LoginPage.java:45)
at com.mystore.pageobjects.LoginPage.<init>(LoginPage.java:45)
at com.mystore.pageobjects.LoginPage.<init>(LoginPage.java:45)
at com.mystore.pageobjects.LoginPage.<init>(LoginPage.java:45)
at com.mystore.pageobjects.LoginPage.<init>(LoginPage.java:45)
at com.mystore.pageobjects.LoginPage.<init>(LoginPage.java:45)
at com.mystore.pageobjects.LoginPage.<init>(LoginPage.java:45)
at com.mystore.pageobjects.LoginPage.<init>(LoginPage.java:45)
at com.mystore.pageobjects.LoginPage.<init>(LoginPage.java:45)
at com.mystore.pageobjects.LoginPage.<init>(LoginPage.java:45)
at com.mystore.pageobjects.LoginPage.<init>(LoginPage.java:45)
at com.mystore.pageobjects.LoginPage.<init>(LoginPage.java:45)
at com.mystore.pageobjects.LoginPage.<init>(LoginPage.java:45)
at com.mystore.pageobjects.LoginPage.<init>(LoginPage.java:45)
at com.mystore.pageobjects.LoginPage.<init>(LoginPage.java:45)
at com.mystore.pageobjects.LoginPage.<init>(LoginPage.java:45)
at com.mystore.pageobjects.LoginPage.<init>(LoginPage.java:45)
at com.mystore.pageobjects.LoginPage.<init>(LoginPage.java:45)
at com.mystore.pageobjects.LoginPage.<init>(LoginPage.java:45)
at com.mystore.pageobjects.LoginPage.<init>(LoginPage.java:45)
at com.mystore.pageobjects.LoginPage.<init>(LoginPage.java:45)
at com.mystore.pageobjects.LoginPage.<init>(LoginPage.java:45)
at com.mystore.pageobjects.LoginPage.<init>(LoginPage.java:45)
at com.mystore.pageobjects.LoginPage.<init>(LoginPage.java:45)
at com.mystore.pageobjects.LoginPage.<init>(LoginPage.java:45)
at com.mystore.pageobjects.LoginPage.<init>(LoginPage.java:45)
at com.mystore.pageobjects.LoginPage.<init>(LoginPage.java:45)
at com.mystore.pageobjects.LoginPage.<init>(LoginPage.java:45)
at com.mystore.pageobjects.LoginPage.<init>(LoginPage.java:45)
at com.mystore.pageobjects.LoginPage.<init>(LoginPage.java:45)
at com.mystore.pageobjects.LoginPage.<init>(LoginPage.java:45)
at com.mystore.pageobjects.LoginPage.<init>(LoginPage.java:45)
at com.mystore.pageobjects.LoginPage.<init>(LoginPage.java:45)
at com.mystore.pageobjects.LoginPage.<init>(LoginPage.java:45)
at com.mystore.pageobjects.LoginPage.<init>(LoginPage.java:45)
at com.mystore.pageobjects.LoginPage.<init>(LoginPage.java:45)
at com.mystore.pageobjects.LoginPage.<init>(LoginPage.java:45)
at com.mystore.pageobjects.LoginPage.<init>(LoginPage.java:45)
at com.mystore.pageobjects.LoginPage.<init>(LoginPage.java:45)
at com.mystore.pageobjects.LoginPage.<init>(LoginPage.java:45)
at com.mystore.pageobjects.LoginPage.<init>(LoginPage.java:45)
at com.mystore.pageobjects.LoginPage.<init>(LoginPage.java:45)
at com.mystore.pageobjects.LoginPage.<init>(LoginPage.java:45)
at com.mystore.pageobjects.LoginPage.<init>(LoginPage.java:45)
at com.mystore.pageobjects.LoginPage.<init>(LoginPage.java:45)
at com.mystore.pageobjects.LoginPage.<init>(LoginPage.java:45)
at com.mystore.pageobjects.LoginPage.<init>(LoginPage.java:45)
at com.mystore.pageobjects.LoginPage.<init>(LoginPage.java:45)
at com.mystore.pageobjects.LoginPage.<init>(LoginPage.java:45)
at com.mystore.pageobjects.LoginPage.<init>(LoginPage.java:45)
at com.mystore.pageobjects.LoginPage.<init>(LoginPage.java:45)
at com.mystore.pageobjects.LoginPage.<init>(LoginPage.java:45)
at com.mystore.pageobjects.LoginPage.<init>(LoginPage.java:45)
at com.mystore.pageobjects.LoginPage.<init>(LoginPage.java:45)
at com.mystore.pageobjects.LoginPage.<init>(LoginPage.java:45)
at com.mystore.pageobjects.LoginPage.<init>(LoginPage.java:45)
at com.mystore.pageobjects.LoginPage.<init>(LoginPage.java:45)
at com.mystore.pageobjects.LoginPage.<init>(LoginPage.java:45)
at com.mystore.pageobjects.LoginPage.<init>(LoginPage.java:45)
at com.mystore.pageobjects.LoginPage.<init>(LoginPage.java:45)
at com.mystore.pageobjects.LoginPage.<init>(LoginPage.java:45)
at com.mystore.pageobjects.LoginPage.<init>(LoginPage.java:45)
at com.mystore.pageobjects.LoginPage.<init>(LoginPage.java:45)
at com.mystore.pageobjects.LoginPage.<init>(LoginPage.java:45)
at com.mystore.pageobjects.LoginPage.<init>(LoginPage.java:45)
at com.mystore.pageobjects.LoginPage.<init>(LoginPage.java:45)
at com.mystore.pageobjects.LoginPage.<init>(LoginPage.java:45)
at com.mystore.pageobjects.LoginPage.<init>(LoginPage.java:45)
at com.mystore.pageobjects.LoginPage.<init>(LoginPage.java:45)
at com.mystore.pageobjects.LoginPage.<init>(LoginPage.java:45)
at com.mystore.pageobjects.LoginPage.<init>(LoginPage.java:45)
at com.mystore.pageobjects.LoginPage.<init>(LoginPage.java:45)
at com.mystore.pageobjects.LoginPage.<init>(LoginPage.java:45)
at com.mystore.pageobjects.LoginPage.<init>(LoginPage.java:45)
at com.mystore.pageobjects.LoginPage.<init>(LoginPage.java:45)
at com.mystore.pageobjects.LoginPage.<init>(LoginPage.java:45)
at com.mystore.pageobjects.LoginPage.<init>(LoginPage.java:45)
at com.mystore.pageobjects.LoginPage.<init>(LoginPage.java:45)
at com.mystore.pageobjects.LoginPage.<init>(LoginPage.java:45)
at com.mystore.pageobjects.LoginPage.<init>(LoginPage.java:45)
at com.mystore.pageobjects.LoginPage.<init>(LoginPage.java:45)
at com.mystore.pageobjects.LoginPage.<init>(LoginPage.java:45)
at com.mystore.pageobjects.LoginPage.<init>(LoginPage.java:45)
at com.mystore.pageobjects.LoginPage.<init>(LoginPage.java:45)
at com.mystore.pageobjects.LoginPage.<init>(LoginPage.java:45)
at com.mystore.pageobjects.LoginPage.<init>(LoginPage.java:45)
at com.mystore.pageobjects.LoginPage.<init>(LoginPage.java:45)
at com.mystore.pageobjects.LoginPage.<init>(LoginPage.java:45)
at com.mystore.pageobjects.LoginPage.<init>(LoginPage.java:45)
at com.mystore.pageobjects.LoginPage.<init>(LoginPage.java:45)
at com.mystore.pageobjects.LoginPage.<init>(LoginPage.java:45)
at com.mystore.pageobjects.LoginPage.<init>(LoginPage.java:45)
at com.mystore.pageobjects.LoginPage.<init>(LoginPage.java:45)
at com.mystore.pageobjects.LoginPage.<init>(LoginPage.java:45)
at com.mystore.pageobjects.LoginPage.<init>(LoginPage.java:45)
at com.mystore.pageobjects.LoginPage.<init>(LoginPage.java:45)
at com.mystore.pageobjects.LoginPage.<init>(LoginPage.java:45)
at com.mystore.pageobjects.LoginPage.<init>(LoginPage.java:45)
at com.mystore.pageobjects.LoginPage.<init>(LoginPage.java:45)
at com.mystore.pageobjects.LoginPage.<init>(LoginPage.java:45)
at com.mystore.pageobjects.LoginPage.<init>(LoginPage.java:45)
at com.mystore.pageobjects.LoginPage.<init>(LoginPage.java:45)
at com.mystore.pageobjects.LoginPage.<init>(LoginPage.java:45)
at com.mystore.pageobjects.LoginPage.<init>(LoginPage.java:45)
at com.mystore.pageobjects.LoginPage.<init>(LoginPage.java:45)
at com.mystore.pageobjects.LoginPage.<init>(LoginPage.java:45)
at com.mystore.pageobjects.LoginPage.<init>(LoginPage.java:45)
at com.mystore.pageobjects.LoginPage.<init>(LoginPage.java:45)
at com.mystore.pageobjects.LoginPage.<init>(LoginPage.java:45)
at com.mystore.pageobjects.LoginPage.<init>(LoginPage.java:45)
at com.mystore.pageobjects.LoginPage.<init>(LoginPage.java:45)
at com.mystore.pageobjects.LoginPage.<init>(LoginPage.java:45)
at com.mystore.pageobjects.LoginPage.<init>(LoginPage.java:45)
at com.mystore.pageobjects.LoginPage.<init>(LoginPage.java:45)
at com.mystore.pageobjects.LoginPage.<init>(LoginPage.java:45)
at com.mystore.pageobjects.LoginPage.<init>(LoginPage.java:45)
at com.mystore.pageobjects.LoginPage.<init>(LoginPage.java:45)
at com.mystore.pageobjects.LoginPage.<init>(LoginPage.java:45)
at com.mystore.pageobjects.LoginPage.<init>(LoginPage.java:45)
at com.mystore.pageobjects.LoginPage.<init>(LoginPage.java:45)
at com.mystore.pageobjects.LoginPage.<init>(LoginPage.java:45)
at com.mystore.pageobjects.LoginPage.<init>(LoginPage.java:45)
at com.mystore.pageobjects.LoginPage.<init>(LoginPage.java:45)
at com.mystore.pageobjects.LoginPage.<init>(LoginPage.java:45)
at com.mystore.pageobjects.LoginPage.<init>(LoginPage.java:45)
at com.mystore.pageobjects.LoginPage.<init>(LoginPage.java:45)
at com.mystore.pageobjects.LoginPage.<init>(LoginPage.java:45)
at com.mystore.pageobjects.LoginPage.<init>(LoginPage.java:45)
at com.mystore.pageobjects.LoginPage.<init>(LoginPage.java:45)
at com.mystore.pageobjects.LoginPage.<init>(LoginPage.java:45)
at com.mystore.pageobjects.LoginPage.<init>(LoginPage.java:45)
at com.mystore.pageobjects.LoginPage.<init>(LoginPage.java:45)
at com.mystore.pageobjects.LoginPage.<init>(LoginPage.java:45)
at com.mystore.pageobjects.LoginPage.<init>(LoginPage.java:45)
at com.mystore.pageobjects.LoginPage.<init>(LoginPage.java:45)
at com.mystore.pageobjects.LoginPage.<init>(LoginPage.java:45)
at com.mystore.pageobjects.LoginPage.<init>(LoginPage.java:45)
at com.mystore.pageobjects.LoginPage.<init>(LoginPage.java:45)
at com.mystore.pageobjects.LoginPage.<init>(LoginPage.java:45)
at com.mystore.pageobjects.LoginPage.<init>(LoginPage.java:45)
at com.mystore.pageobjects.LoginPage.<init>(LoginPage.java:45)
at com.mystore.pageobjects.LoginPage.<init>(LoginPage.java:45)
at com.mystore.pageobjects.LoginPage.<init>(LoginPage.java:45)
at com.mystore.pageobjects.LoginPage.<init>(LoginPage.java:45)
at com.mystore.pageobjects.LoginPage.<init>(LoginPage.java:45)
at com.mystore.pageobjects.LoginPage.<init>(LoginPage.java:45)
at com.mystore.pageobjects.LoginPage.<init>(LoginPage.java:45)
at com.mystore.pageobjects.LoginPage.<init>(LoginPage.java:45)
at com.mystore.pageobjects.LoginPage.<init>(LoginPage.java:45)
at com.mystore.pageobjects.LoginPage.<init>(LoginPage.java:45)
at com.mystore.pageobjects.LoginPage.<init>(LoginPage.java:45)
at com.mystore.pageobjects.LoginPage.<init>(LoginPage.java:45)
at com.mystore.pageobjects.LoginPage.<init>(LoginPage.java:45)
at com.mystore.pageobjects.LoginPage.<init>(LoginPage.java:45)
at com.mystore.pageobjects.LoginPage.<init>(LoginPage.java:45)
at com.mystore.pageobjects.LoginPage.<init>(LoginPage.java:45)
at com.mystore.pageobjects.LoginPage.<init>(LoginPage.java:45)
at com.mystore.pageobjects.LoginPage.<init>(LoginPage.java:45)
at com.mystore.pageobjects.LoginPage.<init>(LoginPage.java:45)
at com.mystore.pageobjects.LoginPage.<init>(LoginPage.java:45)
at com.mystore.pageobjects.LoginPage.<init>(LoginPage.java:45)
at com.mystore.pageobjects.LoginPage.<init>(LoginPage.java:45)
at com.mystore.pageobjects.LoginPage.<init>(LoginPage.java:45)
at com.mystore.pageobjects.LoginPage.<init>(LoginPage.java:45)
at com.mystore.pageobjects.LoginPage.<init>(LoginPage.java:45)
at com.mystore.pageobjects.LoginPage.<init>(LoginPage.java:45)
at com.mystore.pageobjects.LoginPage.<init>(LoginPage.java:45)
at com.mystore.pageobjects.LoginPage.<init>(LoginPage.java:45)
at com.mystore.pageobjects.LoginPage.<init>(LoginPage.java:45)
at com.mystore.pageobjects.LoginPage.<init>(LoginPage.java:45)
at com.mystore.pageobjects.LoginPage.<init>(LoginPage.java:45)
at com.mystore.pageobjects.LoginPage.<init>(LoginPage.java:45)
at com.mystore.pageobjects.LoginPage.<init>(LoginPage.java:45)
at com.mystore.pageobjects.LoginPage.<init>(LoginPage.java:45)
at com.mystore.pageobjects.LoginPage.<init>(LoginPage.java:45)
at com.mystore.pageobjects.LoginPage.<init>(LoginPage.java:45)
at com.mystore.pageobjects.LoginPage.<init>(LoginPage.java:45)
at com.mystore.pageobjects.LoginPage.<init>(LoginPage.java:45)
at com.mystore.pageobjects.LoginPage.<init>(LoginPage.java:45)
at com.mystore.pageobjects.LoginPage.<init>(LoginPage.java:45)
at com.mystore.pageobjects.LoginPage.<init>(LoginPage.java:45)
at com.mystore.pageobjects.LoginPage.<init>(LoginPage.java:45)
at com.mystore.pageobjects.LoginPage.<init>(LoginPage.java:45)
at com.mystore.pageobjects.LoginPage.<init>(LoginPage.java:45)
at com.mystore.pageobjects.LoginPage.<init>(LoginPage.java:45)
at com.mystore.pageobjects.LoginPage.<init>(LoginPage.java:45)
at com.mystore.pageobjects.LoginPage.<init>(LoginPage.java:45)
at com.mystore.pageobjects.LoginPage.<init>(LoginPage.java:45)
at com.mystore.pageobjects.LoginPage.<init>(LoginPage.java:45)
at com.mystore.pageobjects.LoginPage.<init>(LoginPage.java:45)
at com.mystore.pageobjects.LoginPage.<init>(LoginPage.java:45)
at com.mystore.pageobjects.LoginPage.<init>(LoginPage.java:45)
at com.mystore.pageobjects.LoginPage.<init>(LoginPage.java:45)
at com.mystore.pageobjects.LoginPage.<init>(LoginPage.java:45)
at com.mystore.pageobjects.LoginPage.<init>(LoginPage.java:45)
at com.mystore.pageobjects.LoginPage.<init>(LoginPage.java:45)
at com.mystore.pageobjects.LoginPage.<init>(LoginPage.java:45)
at com.mystore.pageobjects.LoginPage.<init>(LoginPage.java:45)
at com.mystore.pageobjects.LoginPage.<init>(LoginPage.java:45)
at com.mystore.pageobjects.LoginPage.<init>(LoginPage.java:45)
at com.mystore.pageobjects.LoginPage.<init>(LoginPage.java:45)
at com.mystore.pageobjects.LoginPage.<init>(LoginPage.java:45)
at com.mystore.pageobjects.LoginPage.<init>(LoginPage.java:45)
at com.mystore.pageobjects.LoginPage.<init>(LoginPage.java:45)
at com.mystore.pageobjects.LoginPage.<init>(LoginPage.java:45)
at com.mystore.pageobjects.LoginPage.<init>(LoginPage.java:45)
at com.mystore.pageobjects.LoginPage.<init>(LoginPage.java:45)
at com.mystore.pageobjects.LoginPage.<init>(LoginPage.java:45)
at com.mystore.pageobjects.LoginPage.<init>(LoginPage.java:45)
at com.mystore.pageobjects.LoginPage.<init>(LoginPage.java:45)
at com.mystore.pageobjects.LoginPage.<init>(LoginPage.java:45)
at com.mystore.pageobjects.LoginPage.<init>(LoginPage.java:45)
at com.mystore.pageobjects.LoginPage.<init>(LoginPage.java:45)
at com.mystore.pageobjects.LoginPage.<init>(LoginPage.java:45)
at com.mystore.pageobjects.LoginPage.<init>(LoginPage.java:45)
at com.mystore.pageobjects.LoginPage.<init>(LoginPage.java:45)
at com.mystore.pageobjects.LoginPage.<init>(LoginPage.java:45)
at com.mystore.pageobjects.LoginPage.<init>(LoginPage.java:45)
at com.mystore.pageobjects.LoginPage.<init>(LoginPage.java:45)
at com.mystore.pageobjects.LoginPage.<init>(LoginPage.java:45)
at com.mystore.pageobjects.LoginPage.<init>(LoginPage.java:45)
at com.mystore.pageobjects.LoginPage.<init>(LoginPage.java:45)
at com.mystore.pageobjects.LoginPage.<init>(LoginPage.java:45)
at com.mystore.pageobjects.LoginPage.<init>(LoginPage.java:45)
at com.mystore.pageobjects.LoginPage.<init>(LoginPage.java:45)
at com.mystore.pageobjects.LoginPage.<init>(LoginPage.java:45)
at com.mystore.pageobjects.LoginPage.<init>(LoginPage.java:45)
at com.mystore.pageobjects.LoginPage.<init>(LoginPage.java:45)
at com.mystore.pageobjects.LoginPage.<init>(LoginPage.java:45)
at com.mystore.pageobjects.LoginPage.<init>(LoginPage.java:45)
at com.mystore.pageobjects.LoginPage.<init>(LoginPage.java:45)
at com.mystore.pageobjects.LoginPage.<init>(LoginPage.java:45)
at com.mystore.pageobjects.LoginPage.<init>(LoginPage.java:45)
at com.mystore.pageobjects.LoginPage.<init>(LoginPage.java:45)
at com.mystore.pageobjects.LoginPage.<init>(LoginPage.java:45)
at com.mystore.pageobjects.LoginPage.<init>(LoginPage.java:45)
at com.mystore.pageobjects.LoginPage.<init>(LoginPage.java:45)
at com.mystore.pageobjects.LoginPage.<init>(LoginPage.java:45)
at com.mystore.pageobjects.LoginPage.<init>(LoginPage.java:45)
at com.mystore.pageobjects.LoginPage.<init>(LoginPage.java:45)
at com.mystore.pageobjects.LoginPage.<init>(LoginPage.java:45)
at com.mystore.pageobjects.LoginPage.<init>(LoginPage.java:45)
at com.mystore.pageobjects.LoginPage.<init>(LoginPage.java:45)
at com.mystore.pageobjects.LoginPage.<init>(LoginPage.java:45)
at com.mystore.pageobjects.LoginPage.<init>(LoginPage.java:45)
at com.mystore.pageobjects.LoginPage.<init>(LoginPage.java:45)
at com.mystore.pageobjects.LoginPage.<init>(LoginPage.java:45)
at com.mystore.pageobjects.LoginPage.<init>(LoginPage.java:45)
at com.mystore.pageobjects.LoginPage.<init>(LoginPage.java:45)
at com.mystore.pageobjects.LoginPage.<init>(LoginPage.java:45)
at com.mystore.pageobjects.LoginPage.<init>(LoginPage.java:45)
at com.mystore.pageobjects.LoginPage.<init>(LoginPage.java:45)
at com.mystore.pageobjects.LoginPage.<init>(LoginPage.java:45)
at com.mystore.pageobjects.LoginPage.<init>(LoginPage.java:45)
at com.mystore.pageobjects.LoginPage.<init>(LoginPage.java:45)
at com.mystore.pageobjects.LoginPage.<init>(LoginPage.java:45)
at com.mystore.pageobjects.LoginPage.<init>(LoginPage.java:45)
at com.mystore.pageobjects.LoginPage.<init>(LoginPage.java:45)
at com.mystore.pageobjects.LoginPage.<init>(LoginPage.java:45)
at com.mystore.pageobjects.LoginPage.<init>(LoginPage.java:45)
at com.mystore.pageobjects.LoginPage.<init>(LoginPage.java:45)
at com.mystore.pageobjects.LoginPage.<init>(LoginPage.java:45)
at com.mystore.pageobjects.LoginPage.<init>(LoginPage.java:45)
at com.mystore.pageobjects.LoginPage.<init>(LoginPage.java:45)
at com.mystore.pageobjects.LoginPage.<init>(LoginPage.java:45)
at com.mystore.pageobjects.LoginPage.<init>(LoginPage.java:45)
at com.mystore.pageobjects.LoginPage.<init>(LoginPage.java:45)
at com.mystore.pageobjects.LoginPage.<init>(LoginPage.java:45)
at com.mystore.pageobjects.LoginPage.<init>(LoginPage.java:45)
at com.mystore.pageobjects.LoginPage.<init>(LoginPage.java:45)
at com.mystore.pageobjects.LoginPage.<init>(LoginPage.java:45)
at com.mystore.pageobjects.LoginPage.<init>(LoginPage.java:45)
at com.mystore.pageobjects.LoginPage.<init>(LoginPage.java:45)
at com.mystore.pageobjects.LoginPage.<init>(LoginPage.java:45)
at com.mystore.pageobjects.LoginPage.<init>(LoginPage.java:45)
at com.mystore.pageobjects.LoginPage.<init>(LoginPage.java:45)
at com.mystore.pageobjects.LoginPage.<init>(LoginPage.java:45)
at com.mystore.pageobjects.LoginPage.<init>(LoginPage.java:45)
at com.mystore.pageobjects.LoginPage.<init>(LoginPage.java:45)
at com.mystore.pageobjects.LoginPage.<init>(LoginPage.java:45)
at com.mystore.pageobjects.LoginPage.<init>(LoginPage.java:45)
at com.mystore.pageobjects.LoginPage.<init>(LoginPage.java:45)
at com.mystore.pageobjects.LoginPage.<init>(LoginPage.java:45)
at com.mystore.pageobjects.LoginPage.<init>(LoginPage.java:45)
at com.mystore.pageobjects.LoginPage.<init>(LoginPage.java:45)
at com.mystore.pageobjects.LoginPage.<init>(LoginPage.java:45)
at com.mystore.pageobjects.LoginPage.<init>(LoginPage.java:45)
at com.mystore.pageobjects.LoginPage.<init>(LoginPage.java:45)
at com.mystore.pageobjects.LoginPage.<init>(LoginPage.java:45)
at com.mystore.pageobjects.LoginPage.<init>(LoginPage.java:45)
at com.mystore.pageobjects.LoginPage.<init>(LoginPage.java:45)
at com.mystore.pageobjects.LoginPage.<init>(LoginPage.java:45)
at com.mystore.pageobjects.LoginPage.<init>(LoginPage.java:45)
at com.mystore.pageobjects.LoginPage.<init>(LoginPage.java:45)
at com.mystore.pageobjects.LoginPage.<init>(LoginPage.java:45)
at com.mystore.pageobjects.LoginPage.<init>(LoginPage.java:45)
at com.mystore.pageobjects.LoginPage.<init>(LoginPage.java:45)
at com.mystore.pageobjects.LoginPage.<init>(LoginPage.java:45)
at com.mystore.pageobjects.LoginPage.<init>(LoginPage.java:45)
at com.mystore.pageobjects.LoginPage.<init>(LoginPage.java:45)
at com.mystore.pageobjects.LoginPage.<init>(LoginPage.java:45)
at com.mystore.pageobjects.LoginPage.<init>(LoginPage.java:45)
at com.mystore.pageobjects.LoginPage.<init>(LoginPage.java:45)
at com.mystore.pageobjects.LoginPage.<init>(LoginPage.java:45)
at com.mystore.pageobjects.LoginPage.<init>(LoginPage.java:45)
at com.mystore.pageobjects.LoginPage.<init>(LoginPage.java:45)
at com.mystore.pageobjects.LoginPage.<init>(LoginPage.java:45)
at com.mystore.pageobjects.LoginPage.<init>(LoginPage.java:45)
at com.mystore.pageobjects.LoginPage.<init>(LoginPage.java:45)
at com.mystore.pageobjects.LoginPage.<init>(LoginPage.java:45)
at com.mystore.pageobjects.LoginPage.<init>(LoginPage.java:45)
at com.mystore.pageobjects.LoginPage.<init>(LoginPage.java:45)
at com.mystore.pageobjects.LoginPage.<init>(LoginPage.java:45)
at com.mystore.pageobjects.LoginPage.<init>(LoginPage.java:45)
at com.mystore.pageobjects.LoginPage.<init>(LoginPage.java:45)
at com.mystore.pageobjects.LoginPage.<init>(LoginPage.java:45)
at com.mystore.pageobjects.LoginPage.<init>(LoginPage.java:45)
at com.mystore.pageobjects.LoginPage.<init>(LoginPage.java:45)
at com.mystore.pageobjects.LoginPage.<init>(LoginPage.java:45)
at com.mystore.pageobjects.LoginPage.<init>(LoginPage.java:45)
at com.mystore.pageobjects.LoginPage.<init>(LoginPage.java:45)
at com.mystore.pageobjects.LoginPage.<init>(LoginPage.java:45)
at com.mystore.pageobjects.LoginPage.<init>(LoginPage.java:45)
at com.mystore.pageobjects.LoginPage.<init>(LoginPage.java:45)
at com.mystore.pageobjects.LoginPage.<init>(LoginPage.java:45)
at com.mystore.pageobjects.LoginPage.<init>(LoginPage.java:45)
at com.mystore.pageobjects.LoginPage.<init>(LoginPage.java:45)
at com.mystore.pageobjects.LoginPage.<init>(LoginPage.java:45)
at com.mystore.pageobjects.LoginPage.<init>(LoginPage.java:45)
at com.mystore.pageobjects.LoginPage.<init>(LoginPage.java:45)
at com.mystore.pageobjects.LoginPage.<init>(LoginPage.java:45)
at com.mystore.pageobjects.LoginPage.<init>(LoginPage.java:45)
at com.mystore.pageobjects.LoginPage.<init>(LoginPage.java:45)
at com.mystore.pageobjects.LoginPage.<init>(LoginPage.java:45)
at com.mystore.pageobjects.LoginPage.<init>(LoginPage.java:45)
at com.mystore.pageobjects.LoginPage.<init>(LoginPage.java:45)
at com.mystore.pageobjects.LoginPage.<init>(LoginPage.java:45)
at com.mystore.pageobjects.LoginPage.<init>(LoginPage.java:45)
at com.mystore.pageobjects.LoginPage.<init>(LoginPage.java:45)
at com.mystore.pageobjects.LoginPage.<init>(LoginPage.java:45)
at com.mystore.pageobjects.LoginPage.<init>(LoginPage.java:45)
at com.mystore.pageobjects.LoginPage.<init>(LoginPage.java:45)
at com.mystore.pageobjects.LoginPage.<init>(LoginPage.java:45)
at com.mystore.pageobjects.LoginPage.<init>(LoginPage.java:45)
at com.mystore.pageobjects.LoginPage.<init>(LoginPage.java:45)
at com.mystore.pageobjects.LoginPage.<init>(LoginPage.java:45)
at com.mystore.pageobjects.LoginPage.<init>(LoginPage.java:45)
at com.mystore.pageobjects.LoginPage.<init>(LoginPage.java:45)
at com.mystore.pageobjects.LoginPage.<init>(LoginPage.java:45)
at com.mystore.pageobjects.LoginPage.<init>(LoginPage.java:45)
at com.mystore.pageobjects.LoginPage.<init>(LoginPage.java:45)
at com.mystore.pageobjects.LoginPage.<init>(LoginPage.java:45)
at com.mystore.pageobjects.LoginPage.<init>(LoginPage.java:45)
at com.mystore.pageobjects.LoginPage.<init>(LoginPage.java:45)
at com.mystore.pageobjects.LoginPage.<init>(LoginPage.java:45)
at com.mystore.pageobjects.LoginPage.<init>(LoginPage.java:45)
at com.mystore.pageobjects.LoginPage.<init>(LoginPage.java:45)
at com.mystore.pageobjects.LoginPage.<init>(LoginPage.java:45)
at com.mystore.pageobjects.LoginPage.<init>(LoginPage.java:45)
at com.mystore.pageobjects.LoginPage.<init>(LoginPage.java:45)
at com.mystore.pageobjects.LoginPage.<init>(LoginPage.java:45)
at com.mystore.pageobjects.LoginPage.<init>(LoginPage.java:45)
at com.mystore.pageobjects.LoginPage.<init>(LoginPage.java:45)
at com.mystore.pageobjects.LoginPage.<init>(LoginPage.java:45)
at com.mystore.pageobjects.LoginPage.<init>(LoginPage.java:45)
at com.mystore.pageobjects.LoginPage.<init>(LoginPage.java:45)
at com.mystore.pageobjects.LoginPage.<init>(LoginPage.java:45)
at com.mystore.pageobjects.LoginPage.<init>(LoginPage.java:45)
at com.mystore.pageobjects.LoginPage.<init>(LoginPage.java:45)
at com.mystore.pageobjects.LoginPage.<init>(LoginPage.java:45)
at com.mystore.pageobjects.LoginPage.<init>(LoginPage.java:45)
at com.mystore.pageobjects.LoginPage.<init>(LoginPage.java:45)
at com.mystore.pageobjects.LoginPage.<init>(LoginPage.java:45)
at com.mystore.pageobjects.LoginPage.<init>(LoginPage.java:45)
at com.mystore.pageobjects.LoginPage.<init>(LoginPage.java:45)
at com.mystore.pageobjects.LoginPage.<init>(LoginPage.java:45)
at com.mystore.pageobjects.LoginPage.<init>(LoginPage.java:45)
at com.mystore.pageobjects.LoginPage.<init>(LoginPage.java:45)
at com.mystore.pageobjects.LoginPage.<init>(LoginPage.java:45)
at com.mystore.pageobjects.LoginPage.<init>(LoginPage.java:45)
at com.mystore.pageobjects.LoginPage.<init>(LoginPage.java:45)
at com.mystore.pageobjects.LoginPage.<init>(LoginPage.java:45)
at com.mystore.pageobjects.LoginPage.<init>(LoginPage.java:45)
at com.mystore.pageobjects.LoginPage.<init>(LoginPage.java:45)
at com.mystore.pageobjects.LoginPage.<init>(LoginPage.java:45)
at com.mystore.pageobjects.LoginPage.<init>(LoginPage.java:45)
at com.mystore.pageobjects.LoginPage.<init>(LoginPage.java:45)
at com.mystore.pageobjects.LoginPage.<init>(LoginPage.java:45)
at com.mystore.pageobjects.LoginPage.<init>(LoginPage.java:45)
at com.mystore.pageobjects.LoginPage.<init>(LoginPage.java:45)
at com.mystore.pageobjects.LoginPage.<init>(LoginPage.java:45)
at com.mystore.pageobjects.LoginPage.<init>(LoginPage.java:45)
at com.mystore.pageobjects.LoginPage.<init>(LoginPage.java:45)
at com.mystore.pageobjects.LoginPage.<init>(LoginPage.java:45)
at com.mystore.pageobjects.LoginPage.<init>(LoginPage.java:45)
at com.mystore.pageobjects.LoginPage.<init>(LoginPage.java:45)
at com.mystore.pageobjects.LoginPage.<init>(LoginPage.java:45)
at com.mystore.pageobjects.LoginPage.<init>(LoginPage.java:45)
at com.mystore.pageobjects.LoginPage.<init>(LoginPage.java:45)
at com.mystore.pageobjects.LoginPage.<init>(LoginPage.java:45)
at com.mystore.pageobjects.LoginPage.<init>(LoginPage.java:45)
at com.mystore.pageobjects.LoginPage.<init>(LoginPage.java:45)
at com.mystore.pageobjects.LoginPage.<init>(LoginPage.java:45)
at com.mystore.pageobjects.LoginPage.<init>(LoginPage.java:45)
at com.mystore.pageobjects.LoginPage.<init>(LoginPage.java:45)
at com.mystore.pageobjects.LoginPage.<init>(LoginPage.java:45)
at com.mystore.pageobjects.LoginPage.<init>(LoginPage.java:45)
at com.mystore.pageobjects.LoginPage.<init>(LoginPage.java:45)
at com.mystore.pageobjects.LoginPage.<init>(LoginPage.java:45)
at com.mystore.pageobjects.LoginPage.<init>(LoginPage.java:45)
at com.mystore.pageobjects.LoginPage.<init>(LoginPage.java:45)
at com.mystore.pageobjects.LoginPage.<init>(LoginPage.java:45)
at com.mystore.pageobjects.LoginPage.<init>(LoginPage.java:45)
at com.mystore.pageobjects.LoginPage.<init>(LoginPage.java:45)
at com.mystore.pageobjects.LoginPage.<init>(LoginPage.java:45)
at com.mystore.pageobjects.LoginPage.<init>(LoginPage.java:45)
at com.mystore.pageobjects.LoginPage.<init>(LoginPage.java:45)
at com.mystore.pageobjects.LoginPage.<init>(LoginPage.java:45)
at com.mystore.pageobjects.LoginPage.<init>(LoginPage.java:45)
at com.mystore.pageobjects.LoginPage.<init>(LoginPage.java:45)
at com.mystore.pageobjects.LoginPage.<init>(LoginPage.java:45)
at com.mystore.pageobjects.LoginPage.<init>(LoginPage.java:45)
at com.mystore.pageobjects.LoginPage.<init>(LoginPage.java:45)
at com.mystore.pageobjects.LoginPage.<init>(LoginPage.java:45)
at com.mystore.pageobjects.LoginPage.<init>(LoginPage.java:45)
at com.mystore.pageobjects.LoginPage.<init>(LoginPage.java:45)
at com.mystore.pageobjects.LoginPage.<init>(LoginPage.java:45)
at com.mystore.pageobjects.LoginPage.<init>(LoginPage.java:45)
at com.mystore.pageobjects.LoginPage.<init>(LoginPage.java:45)
at com.mystore.pageobjects.LoginPage.<init>(LoginPage.java:45)
at com.mystore.pageobjects.LoginPage.<init>(LoginPage.java:45)
at com.mystore.pageobjects.LoginPage.<init>(LoginPage.java:45)
at com.mystore.pageobjects.LoginPage.<init>(LoginPage.java:45)
at com.mystore.pageobjects.LoginPage.<init>(LoginPage.java:45)
at com.mystore.pageobjects.LoginPage.<init>(LoginPage.java:45)
at com.mystore.pageobjects.LoginPage.<init>(LoginPage.java:45)
at com.mystore.pageobjects.LoginPage.<init>(LoginPage.java:45)
at com.mystore.pageobjects.LoginPage.<init>(LoginPage.java:45)
at com.mystore.pageobjects.LoginPage.<init>(LoginPage.java:45)
at com.mystore.pageobjects.LoginPage.<init>(LoginPage.java:45)
at com.mystore.pageobjects.LoginPage.<init>(LoginPage.java:45)
at com.mystore.pageobjects.LoginPage.<init>(LoginPage.java:45)
at com.mystore.pageobjects.LoginPage.<init>(LoginPage.java:45)
at com.mystore.pageobjects.LoginPage.<init>(LoginPage.java:45)
at com.mystore.pageobjects.LoginPage.<init>(LoginPage.java:45)
at com.mystore.pageobjects.LoginPage.<init>(LoginPage.java:45)
at com.mystore.pageobjects.LoginPage.<init>(LoginPage.java:45)
at com.mystore.pageobjects.LoginPage.<init>(LoginPage.java:45)
at com.mystore.pageobjects.LoginPage.<init>(LoginPage.java:45)
at com.mystore.pageobjects.LoginPage.<init>(LoginPage.java:45)
at com.mystore.pageobjects.LoginPage.<init>(LoginPage.java:45)
at com.mystore.pageobjects.LoginPage.<init>(LoginPage.java:45)
at com.mystore.pageobjects.LoginPage.<init>(LoginPage.java:45)
at com.mystore.pageobjects.LoginPage.<init>(LoginPage.java:45)
at com.mystore.pageobjects.LoginPage.<init>(LoginPage.java:45)
at com.mystore.pageobjects.LoginPage.<init>(LoginPage.java:45)
at com.mystore.pageobjects.LoginPage.<init>(LoginPage.java:45)
at com.mystore.pageobjects.LoginPage.<init>(LoginPage.java:45)
at com.mystore.pageobjects.LoginPage.<init>(LoginPage.java:45)
at com.mystore.pageobjects.LoginPage.<init>(LoginPage.java:45)
at com.mystore.pageobjects.LoginPage.<init>(LoginPage.java:45)
at com.mystore.pageobjects.LoginPage.<init>(LoginPage.java:45)
at com.mystore.pageobjects.LoginPage.<init>(LoginPage.java:45)
at com.mystore.pageobjects.LoginPage.<init>(LoginPage.java:45)
at com.mystore.pageobjects.LoginPage.<init>(LoginPage.java:45)
at com.mystore.pageobjects.LoginPage.<init>(LoginPage.java:45)
at com.mystore.pageobjects.LoginPage.<init>(LoginPage.java:45)
at com.mystore.pageobjects.LoginPage.<init>(LoginPage.java:45)
at com.mystore.pageobjects.LoginPage.<init>(LoginPage.java:45)
at com.mystore.pageobjects.LoginPage.<init>(LoginPage.java:45)
at com.mystore.pageobjects.LoginPage.<init>(LoginPage.java:45)
at com.mystore.pageobjects.LoginPage.<init>(LoginPage.java:45)
at com.mystore.pageobjects.LoginPage.<init>(LoginPage.java:45)
at com.mystore.pageobjects.LoginPage.<init>(LoginPage.java:45)
at com.mystore.pageobjects.LoginPage.<init>(LoginPage.java:45)
at com.mystore.pageobjects.LoginPage.<init>(LoginPage.java:45)
at com.mystore.pageobjects.LoginPage.<init>(LoginPage.java:45)
at com.mystore.pageobjects.LoginPage.<init>(LoginPage.java:45)
at com.mystore.pageobjects.LoginPage.<init>(LoginPage.java:45)
at com.mystore.pageobjects.LoginPage.<init>(LoginPage.java:45)
at com.mystore.pageobjects.LoginPage.<init>(LoginPage.java:45)
at com.mystore.pageobjects.LoginPage.<init>(LoginPage.java:45)
at com.mystore.pageobjects.LoginPage.<init>(LoginPage.java:45)
at com.mystore.pageobjects.LoginPage.<init>(LoginPage.java:45)
at com.mystore.pageobjects.LoginPage.<init>(LoginPage.java:45)
at com.mystore.pageobjects.LoginPage.<init>(LoginPage.java:45)
at com.mystore.pageobjects.LoginPage.<init>(LoginPage.java:45)
at com.mystore.pageobjects.LoginPage.<init>(LoginPage.java:45)
at com.mystore.pageobjects.LoginPage.<init>(LoginPage.java:45)
at com.mystore.pageobjects.LoginPage.<init>(LoginPage.java:45)
at com.mystore.pageobjects.LoginPage.<init>(LoginPage.java:45)
at com.mystore.pageobjects.LoginPage.<init>(LoginPage.java:45)
at com.mystore.pageobjects.LoginPage.<init>(LoginPage.java:45)
at com.mystore.pageobjects.LoginPage.<init>(LoginPage.java:45)
at com.mystore.pageobjects.LoginPage.<init>(LoginPage.java:45)
at com.mystore.pageobjects.LoginPage.<init>(LoginPage.java:45)
at com.mystore.pageobjects.LoginPage.<init>(LoginPage.java:45)
at com.mystore.pageobjects.LoginPage.<init>(LoginPage.java:45)
at com.mystore.pageobjects.LoginPage.<init>(LoginPage.java:45)
at com.mystore.pageobjects.LoginPage.<init>(LoginPage.java:45)
at com.mystore.pageobjects.LoginPage.<init>(LoginPage.java:45)
at com.mystore.pageobjects.LoginPage.<init>(LoginPage.java:45)
at com.mystore.pageobjects.LoginPage.<init>(LoginPage.java:45)
at com.mystore.pageobjects.LoginPage.<init>(LoginPage.java:45)
at com.mystore.pageobjects.LoginPage.<init>(LoginPage.java:45)
at com.mystore.pageobjects.LoginPage.<init>(LoginPage.java:45)
at com.mystore.pageobjects.LoginPage.<init>(LoginPage.java:45)
at com.mystore.pageobjects.LoginPage.<init>(LoginPage.java:45)
at com.mystore.pageobjects.LoginPage.<init>(LoginPage.java:45)
at com.mystore.pageobjects.LoginPage.<init>(LoginPage.java:45)
at com.mystore.pageobjects.LoginPage.<init>(LoginPage.java:45)
at com.mystore.pageobjects.LoginPage.<init>(LoginPage.java:45)
at com.mystore.pageobjects.LoginPage.<init>(LoginPage.java:45)
at com.mystore.pageobjects.LoginPage.<init>(LoginPage.java:45)
at com.mystore.pageobjects.LoginPage.<init>(LoginPage.java:45)
at com.mystore.pageobjects.LoginPage.<init>(LoginPage.java:45)
at com.mystore.pageobjects.LoginPage.<init>(LoginPage.java:45)
at com.mystore.pageobjects.LoginPage.<init>(LoginPage.java:45)
at com.mystore.pageobjects.LoginPage.<init>(LoginPage.java:45)
at com.mystore.pageobjects.LoginPage.<init>(LoginPage.java:45)
at com.mystore.pageobjects.LoginPage.<init>(LoginPage.java:45)
at com.mystore.pageobjects.LoginPage.<init>(LoginPage.java:45)
at com.mystore.pageobjects.LoginPage.<init>(LoginPage.java:45)
at com.mystore.pageobjects.LoginPage.<init>(LoginPage.java:45)
at com.mystore.pageobjects.LoginPage.<init>(LoginPage.java:45)
at com.mystore.pageobjects.LoginPage.<init>(LoginPage.java:45)
at com.mystore.pageobjects.LoginPage.<init>(LoginPage.java:45)
at com.mystore.pageobjects.LoginPage.<init>(LoginPage.java:45)
at com.mystore.pageobjects.LoginPage.<init>(LoginPage.java:45)
at com.mystore.pageobjects.LoginPage.<init>(LoginPage.java:45)
at com.mystore.pageobjects.LoginPage.<init>(LoginPage.java:45)
at com.mystore.pageobjects.LoginPage.<init>(LoginPage.java:45)
at com.mystore.pageobjects.LoginPage.<init>(LoginPage.java:45)
at com.mystore.pageobjects.LoginPage.<init>(LoginPage.java:45)
at com.mystore.pageobjects.LoginPage.<init>(LoginPage.java:45)
at com.mystore.pageobjects.LoginPage.<init>(LoginPage.java:45)
at com.mystore.pageobjects.LoginPage.<init>(LoginPage.java:45)
at com.mystore.pageobjects.LoginPage.<init>(LoginPage.java:45)
at com.mystore.pageobjects.LoginPage.<init>(LoginPage.java:45)
at com.mystore.pageobjects.LoginPage.<init>(LoginPage.java:45)
at com.mystore.pageobjects.LoginPage.<init>(LoginPage.java:45)
at com.mystore.pageobjects.LoginPage.<init>(LoginPage.java:45)
at com.mystore.pageobjects.LoginPage.<init>(LoginPage.java:45)
at com.mystore.pageobjects.LoginPage.<init>(LoginPage.java:45)
at com.mystore.pageobjects.LoginPage.<init>(LoginPage.java:45)
at com.mystore.pageobjects.LoginPage.<init>(LoginPage.java:45)
at com.mystore.pageobjects.LoginPage.<init>(LoginPage.java:45)
at com.mystore.pageobjects.LoginPage.<init>(LoginPage.java:45)
at com.mystore.pageobjects.LoginPage.<init>(LoginPage.java:45)
at com.mystore.pageobjects.LoginPage.<init>(LoginPage.java:45)
at com.mystore.pageobjects.LoginPage.<init>(LoginPage.java:45)
at com.mystore.pageobjects.LoginPage.<init>(LoginPage.java:45)
at com.mystore.pageobjects.LoginPage.<init>(LoginPage.java:45)
at com.mystore.pageobjects.LoginPage.<init>(LoginPage.java:45)
at com.mystore.pageobjects.LoginPage.<init>(LoginPage.java:45)
at com.mystore.pageobjects.LoginPage.<init>(LoginPage.java:45)
at com.mystore.pageobjects.LoginPage.<init>(LoginPage.java:45)
at com.mystore.pageobjects.LoginPage.<init>(LoginPage.java:45)
at com.mystore.pageobjects.LoginPage.<init>(LoginPage.java:45)
at com.mystore.pageobjects.LoginPage.<init>(LoginPage.java:45)
at com.mystore.pageobjects.LoginPage.<init>(LoginPage.java:45)
at com.mystore.pageobjects.LoginPage.<init>(LoginPage.java:45)
at com.mystore.pageobjects.LoginPage.<init>(LoginPage.java:45)
at com.mystore.pageobjects.LoginPage.<init>(LoginPage.java:45)
at com.mystore.pageobjects.LoginPage.<init>(LoginPage.java:45)
at com.mystore.pageobjects.LoginPage.<init>(LoginPage.java:45)
at com.mystore.pageobjects.LoginPage.<init>(LoginPage.java:45)
at com.mystore.pageobjects.LoginPage.<init>(LoginPage.java:45)
at com.mystore.pageobjects.LoginPage.<init>(LoginPage.java:45)
at com.mystore.pageobjects.LoginPage.<init>(LoginPage.java:45)
at com.mystore.pageobjects.LoginPage.<init>(LoginPage.java:45)
at com.mystore.pageobjects.LoginPage.<init>(LoginPage.java:45)
at com.mystore.pageobjects.LoginPage.<init>(LoginPage.java:45)
at com.mystore.pageobjects.LoginPage.<init>(LoginPage.java:45)
at com.mystore.pageobjects.LoginPage.<init>(LoginPage.java:45)
at com.mystore.pageobjects.LoginPage.<init>(LoginPage.java:45)
at com.mystore.pageobjects.LoginPage.<init>(LoginPage.java:45)
at com.mystore.pageobjects.LoginPage.<init>(LoginPage.java:45)
at com.mystore.pageobjects.LoginPage.<init>(LoginPage.java:45)
at com.mystore.pageobjects.LoginPage.<init>(LoginPage.java:45)
at com.mystore.pageobjects.LoginPage.<init>(LoginPage.java:45)
at com.mystore.pageobjects.LoginPage.<init>(LoginPage.java:45)
at com.mystore.pageobjects.LoginPage.<init>(LoginPage.java:45)
at com.mystore.pageobjects.LoginPage.<init>(LoginPage.java:45)
at com.mystore.pageobjects.LoginPage.<init>(LoginPage.java:45)
at com.mystore.pageobjects.LoginPage.<init>(LoginPage.java:45)
at com.mystore.pageobjects.LoginPage.<init>(LoginPage.java:45)
at com.mystore.pageobjects.LoginPage.<init>(LoginPage.java:45)
at com.mystore.pageobjects.LoginPage.<init>(LoginPage.java:45)
at com.mystore.pageobjects.LoginPage.<init>(LoginPage.java:45)
at com.mystore.pageobjects.LoginPage.<init>(LoginPage.java:45)
at com.mystore.pageobjects.LoginPage.<init>(LoginPage.java:45)
at com.mystore.pageobjects.LoginPage.<init>(LoginPage.java:45)
at com.mystore.pageobjects.LoginPage.<init>(LoginPage.java:45)
at com.mystore.pageobjects.LoginPage.<init>(LoginPage.java:45)
at com.mystore.pageobjects.LoginPage.<init>(LoginPage.java:45)
at com.mystore.pageobjects.LoginPage.<init>(LoginPage.java:45)
at com.mystore.pageobjects.LoginPage.<init>(LoginPage.java:45)
at com.mystore.pageobjects.LoginPage.<init>(LoginPage.java:45)
at com.mystore.pageobjects.LoginPage.<init>(LoginPage.java:45)
at com.mystore.pageobjects.LoginPage.<init>(LoginPage.java:45)
at com.mystore.pageobjects.LoginPage.<init>(LoginPage.java:45)
at com.mystore.pageobjects.LoginPage.<init>(LoginPage.java:45)
at com.mystore.pageobjects.LoginPage.<init>(LoginPage.java:45)
at com.mystore.pageobjects.LoginPage.<init>(LoginPage.java:45)
at com.mystore.pageobjects.LoginPage.<init>(LoginPage.java:45)
at com.mystore.pageobjects.LoginPage.<init>(LoginPage.java:45)
]]>
    </error>
  </testcase> <!-- loginTest -->
  <system-out/>
</testsuite> <!-- com.mystore.testcases.LoginPageTest -->
