<?xml version="1.0" encoding="UTF-8"?>
<!-- Generated by org.testng.reporters.JUnitReportReporter -->
<testsuite skipped="0" hostname="Mritunjays-MacBook-Pro.local" name="com.mystore.testcases.LumaAddressPageTest" tests="1" failures="0" timestamp="2023-01-20T00:35:22 IST" time="44.458" errors="0">
  <testcase name="addressTest" time="44.458" classname="com.mystore.testcases.LumaAddressPageTest"/>
  <system-out/>
</testsuite> <!-- com.mystore.testcases.LumaAddressPageTest -->
