<?xml version="1.0" encoding="UTF-8"?>
<!-- Generated by org.testng.reporters.JUnitReportReporter -->
<testsuite skipped="0" hostname="Mritunjays-MacBook-Pro.local" name="com.mystore.testcases.TC04_ComputerDatabasePageTest" tests="1" failures="0" timestamp="2023-01-22T22:12:37 IST" time="18.835" errors="0">
  <testcase name="computerDatabaseTest" time="18.835" classname="com.mystore.testcases.TC04_ComputerDatabasePageTest"/>
  <system-out/>
</testsuite> <!-- com.mystore.testcases.TC04_ComputerDatabasePageTest -->
