<?xml version="1.0" encoding="UTF-8"?>
<!-- Generated by org.testng.reporters.JUnitReportReporter -->
<testsuite skipped="0" hostname="Mritunjays-MacBook-Pro.local" name="com.mystore.testcases.TC08_LumaAccountCreationPageTest" tests="1" failures="0" timestamp="2023-01-22T23:57:36 IST" time="28.245" errors="0">
  <testcase name="verifyCreateAccountPageTest" time="28.245" classname="com.mystore.testcases.TC08_LumaAccountCreationPageTest"/>
  <system-out/>
</testsuite> <!-- com.mystore.testcases.TC08_LumaAccountCreationPageTest -->
