<?xml version="1.0" encoding="UTF-8"?>
<!-- Generated by org.testng.reporters.JUnitReportReporter -->
<testsuite skipped="0" hostname="Mritunjays-MacBook-Pro.local" name="com.mystore.testcases.LoginLumaPageTest" tests="1" failures="0" timestamp="2023-01-15T23:58:58 IST" time="18.548" errors="0">
  <testcase name="loginTest" time="18.548" classname="com.mystore.testcases.LoginLumaPageTest"/>
  <system-out/>
</testsuite> <!-- com.mystore.testcases.LoginLumaPageTest -->
